2006.12.18 10:36 B C:\Program Files\EasyPHP1-8\www\southfraserden\tinymce\jscripts\tiny_mce\classes\TinyMCE_Array.class.js --> www.southfraserden.com /public_html/tinymce/jscripts/tiny_mce/classes TinyMCE_Array.class.js
2006.12.18 10:36 B C:\Program Files\EasyPHP1-8\www\southfraserden\tinymce\jscripts\tiny_mce\classes\TinyMCE_Cleanup.class.js --> www.southfraserden.com /public_html/tinymce/jscripts/tiny_mce/classes TinyMCE_Cleanup.class.js
2006.12.18 10:36 B C:\Program Files\EasyPHP1-8\www\southfraserden\tinymce\jscripts\tiny_mce\classes\TinyMCE_Compatibility.class.js --> www.southfraserden.com /public_html/tinymce/jscripts/tiny_mce/classes TinyMCE_Compatibility.class.js
2006.12.18 10:36 B C:\Program Files\EasyPHP1-8\www\southfraserden\tinymce\jscripts\tiny_mce\classes\TinyMCE_Control.class.js --> www.southfraserden.com /public_html/tinymce/jscripts/tiny_mce/classes TinyMCE_Control.class.js
2006.12.18 10:36 B C:\Program Files\EasyPHP1-8\www\southfraserden\tinymce\jscripts\tiny_mce\classes\TinyMCE_Debug.class.js --> www.southfraserden.com /public_html/tinymce/jscripts/tiny_mce/classes TinyMCE_Debug.class.js
2006.12.18 10:36 B C:\Program Files\EasyPHP1-8\www\southfraserden\tinymce\jscripts\tiny_mce\classes\TinyMCE_DOMUtils.class.js --> www.southfraserden.com /public_html/tinymce/jscripts/tiny_mce/classes TinyMCE_DOMUtils.class.js
2006.12.18 10:36 B C:\Program Files\EasyPHP1-8\www\southfraserden\tinymce\jscripts\tiny_mce\classes\TinyMCE_Engine.class.js --> www.southfraserden.com /public_html/tinymce/jscripts/tiny_mce/classes TinyMCE_Engine.class.js
2006.12.18 10:36 B C:\Program Files\EasyPHP1-8\www\southfraserden\tinymce\jscripts\tiny_mce\classes\TinyMCE_Event.class.js --> www.southfraserden.com /public_html/tinymce/jscripts/tiny_mce/classes TinyMCE_Event.class.js
2006.12.18 10:36 B C:\Program Files\EasyPHP1-8\www\southfraserden\tinymce\jscripts\tiny_mce\classes\TinyMCE_ForceParagraphs.class.js --> www.southfraserden.com /public_html/tinymce/jscripts/tiny_mce/classes TinyMCE_ForceParagraphs.class.js
2006.12.18 10:36 B C:\Program Files\EasyPHP1-8\www\southfraserden\tinymce\jscripts\tiny_mce\classes\TinyMCE_Layer.class.js --> www.southfraserden.com /public_html/tinymce/jscripts/tiny_mce/classes TinyMCE_Layer.class.js
2006.12.18 10:36 B C:\Program Files\EasyPHP1-8\www\southfraserden\tinymce\jscripts\tiny_mce\classes\TinyMCE_Menu.class.js --> www.southfraserden.com /public_html/tinymce/jscripts/tiny_mce/classes TinyMCE_Menu.class.js
2006.12.18 10:36 B C:\Program Files\EasyPHP1-8\www\southfraserden\tinymce\jscripts\tiny_mce\classes\TinyMCE_Popup.class.js --> www.southfraserden.com /public_html/tinymce/jscripts/tiny_mce/classes TinyMCE_Popup.class.js
2006.12.18 10:36 B C:\Program Files\EasyPHP1-8\www\southfraserden\tinymce\jscripts\tiny_mce\classes\TinyMCE_Selection.class.js --> www.southfraserden.com /public_html/tinymce/jscripts/tiny_mce/classes TinyMCE_Selection.class.js
2006.12.18 10:36 B C:\Program Files\EasyPHP1-8\www\southfraserden\tinymce\jscripts\tiny_mce\classes\TinyMCE_UndoRedo.class.js --> www.southfraserden.com /public_html/tinymce/jscripts/tiny_mce/classes TinyMCE_UndoRedo.class.js
2006.12.18 10:36 B C:\Program Files\EasyPHP1-8\www\southfraserden\tinymce\jscripts\tiny_mce\classes\TinyMCE_URL.class.js --> www.southfraserden.com /public_html/tinymce/jscripts/tiny_mce/classes TinyMCE_URL.class.js
2006.12.26 21:24 B C:\Program Files\EasyPHP1-8\www\newtsawwssen1\admin\tinymce\jscripts\tiny_mce\classes\TinyMCE_Array.class.js --> tbblions.ca /public_html/newsite/admin/tinymce/jscripts/tiny_mce/classes TinyMCE_Array.class.js
2006.12.26 21:24 B C:\Program Files\EasyPHP1-8\www\newtsawwssen1\admin\tinymce\jscripts\tiny_mce\classes\TinyMCE_Cleanup.class.js --> tbblions.ca /public_html/newsite/admin/tinymce/jscripts/tiny_mce/classes TinyMCE_Cleanup.class.js
2006.12.26 21:24 B C:\Program Files\EasyPHP1-8\www\newtsawwssen1\admin\tinymce\jscripts\tiny_mce\classes\TinyMCE_Compatibility.class.js --> tbblions.ca /public_html/newsite/admin/tinymce/jscripts/tiny_mce/classes TinyMCE_Compatibility.class.js
2006.12.26 21:24 B C:\Program Files\EasyPHP1-8\www\newtsawwssen1\admin\tinymce\jscripts\tiny_mce\classes\TinyMCE_Control.class.js --> tbblions.ca /public_html/newsite/admin/tinymce/jscripts/tiny_mce/classes TinyMCE_Control.class.js
2006.12.26 21:24 B C:\Program Files\EasyPHP1-8\www\newtsawwssen1\admin\tinymce\jscripts\tiny_mce\classes\TinyMCE_Debug.class.js --> tbblions.ca /public_html/newsite/admin/tinymce/jscripts/tiny_mce/classes TinyMCE_Debug.class.js
2006.12.26 21:25 B C:\Program Files\EasyPHP1-8\www\newtsawwssen1\admin\tinymce\jscripts\tiny_mce\classes\TinyMCE_DOMUtils.class.js --> tbblions.ca /public_html/newsite/admin/tinymce/jscripts/tiny_mce/classes TinyMCE_DOMUtils.class.js
2006.12.26 21:25 B C:\Program Files\EasyPHP1-8\www\newtsawwssen1\admin\tinymce\jscripts\tiny_mce\classes\TinyMCE_Engine.class.js --> tbblions.ca /public_html/newsite/admin/tinymce/jscripts/tiny_mce/classes TinyMCE_Engine.class.js
2006.12.26 21:25 B C:\Program Files\EasyPHP1-8\www\newtsawwssen1\admin\tinymce\jscripts\tiny_mce\classes\TinyMCE_Event.class.js --> tbblions.ca /public_html/newsite/admin/tinymce/jscripts/tiny_mce/classes TinyMCE_Event.class.js
2006.12.26 21:25 B C:\Program Files\EasyPHP1-8\www\newtsawwssen1\admin\tinymce\jscripts\tiny_mce\classes\TinyMCE_ForceParagraphs.class.js --> tbblions.ca /public_html/newsite/admin/tinymce/jscripts/tiny_mce/classes TinyMCE_ForceParagraphs.class.js
2006.12.26 21:25 B C:\Program Files\EasyPHP1-8\www\newtsawwssen1\admin\tinymce\jscripts\tiny_mce\classes\TinyMCE_Layer.class.js --> tbblions.ca /public_html/newsite/admin/tinymce/jscripts/tiny_mce/classes TinyMCE_Layer.class.js
2006.12.26 21:25 B C:\Program Files\EasyPHP1-8\www\newtsawwssen1\admin\tinymce\jscripts\tiny_mce\classes\TinyMCE_Menu.class.js --> tbblions.ca /public_html/newsite/admin/tinymce/jscripts/tiny_mce/classes TinyMCE_Menu.class.js
2006.12.26 21:26 B C:\Program Files\EasyPHP1-8\www\newtsawwssen1\admin\tinymce\jscripts\tiny_mce\classes\TinyMCE_Popup.class.js --> tbblions.ca /public_html/newsite/admin/tinymce/jscripts/tiny_mce/classes TinyMCE_Popup.class.js
2006.12.26 21:26 B C:\Program Files\EasyPHP1-8\www\newtsawwssen1\admin\tinymce\jscripts\tiny_mce\classes\TinyMCE_Selection.class.js --> tbblions.ca /public_html/newsite/admin/tinymce/jscripts/tiny_mce/classes TinyMCE_Selection.class.js
2006.12.26 21:26 B C:\Program Files\EasyPHP1-8\www\newtsawwssen1\admin\tinymce\jscripts\tiny_mce\classes\TinyMCE_UndoRedo.class.js --> tbblions.ca /public_html/newsite/admin/tinymce/jscripts/tiny_mce/classes TinyMCE_UndoRedo.class.js
2006.12.26 21:26 B C:\Program Files\EasyPHP1-8\www\newtsawwssen1\admin\tinymce\jscripts\tiny_mce\classes\TinyMCE_URL.class.js --> tbblions.ca /public_html/newsite/admin/tinymce/jscripts/tiny_mce/classes TinyMCE_URL.class.js
2006.12.26 21:26 B C:\Program Files\EasyPHP1-8\www\newtsawwssen1\admin\tinymce\jscripts\tiny_mce\classes\WS_FTP.LOG --> tbblions.ca /public_html/newsite/admin/tinymce/jscripts/tiny_mce/classes WS_FTP.LOG
2007.01.27 13:16 B C:\Program Files\EasyPHP1-8\www\sleepshop\admin\tinymce\jscripts\tiny_mce\classes\TinyMCE_Array.class.js --> sleepshopbc.com /public_html/demo/admin/tinymce/jscripts/tiny_mce/classes TinyMCE_Array.class.js
2007.01.27 13:16 B C:\Program Files\EasyPHP1-8\www\sleepshop\admin\tinymce\jscripts\tiny_mce\classes\TinyMCE_Cleanup.class.js --> sleepshopbc.com /public_html/demo/admin/tinymce/jscripts/tiny_mce/classes TinyMCE_Cleanup.class.js
2007.01.27 13:16 B C:\Program Files\EasyPHP1-8\www\sleepshop\admin\tinymce\jscripts\tiny_mce\classes\TinyMCE_Compatibility.class.js --> sleepshopbc.com /public_html/demo/admin/tinymce/jscripts/tiny_mce/classes TinyMCE_Compatibility.class.js
2007.01.27 13:17 B C:\Program Files\EasyPHP1-8\www\sleepshop\admin\tinymce\jscripts\tiny_mce\classes\TinyMCE_Control.class.js --> sleepshopbc.com /public_html/demo/admin/tinymce/jscripts/tiny_mce/classes TinyMCE_Control.class.js
2007.01.27 13:17 B C:\Program Files\EasyPHP1-8\www\sleepshop\admin\tinymce\jscripts\tiny_mce\classes\TinyMCE_Debug.class.js --> sleepshopbc.com /public_html/demo/admin/tinymce/jscripts/tiny_mce/classes TinyMCE_Debug.class.js
2007.01.27 13:17 B C:\Program Files\EasyPHP1-8\www\sleepshop\admin\tinymce\jscripts\tiny_mce\classes\TinyMCE_DOMUtils.class.js --> sleepshopbc.com /public_html/demo/admin/tinymce/jscripts/tiny_mce/classes TinyMCE_DOMUtils.class.js
2007.01.27 13:17 B C:\Program Files\EasyPHP1-8\www\sleepshop\admin\tinymce\jscripts\tiny_mce\classes\TinyMCE_Engine.class.js --> sleepshopbc.com /public_html/demo/admin/tinymce/jscripts/tiny_mce/classes TinyMCE_Engine.class.js
2007.01.27 13:17 B C:\Program Files\EasyPHP1-8\www\sleepshop\admin\tinymce\jscripts\tiny_mce\classes\TinyMCE_Event.class.js --> sleepshopbc.com /public_html/demo/admin/tinymce/jscripts/tiny_mce/classes TinyMCE_Event.class.js
2007.01.27 13:17 B C:\Program Files\EasyPHP1-8\www\sleepshop\admin\tinymce\jscripts\tiny_mce\classes\TinyMCE_ForceParagraphs.class.js --> sleepshopbc.com /public_html/demo/admin/tinymce/jscripts/tiny_mce/classes TinyMCE_ForceParagraphs.class.js
2007.01.27 13:17 B C:\Program Files\EasyPHP1-8\www\sleepshop\admin\tinymce\jscripts\tiny_mce\classes\TinyMCE_Layer.class.js --> sleepshopbc.com /public_html/demo/admin/tinymce/jscripts/tiny_mce/classes TinyMCE_Layer.class.js
2007.01.27 13:17 B C:\Program Files\EasyPHP1-8\www\sleepshop\admin\tinymce\jscripts\tiny_mce\classes\TinyMCE_Menu.class.js --> sleepshopbc.com /public_html/demo/admin/tinymce/jscripts/tiny_mce/classes TinyMCE_Menu.class.js
