2006.12.18 11:01 B C:\Program Files\EasyPHP1-8\www\southfraserden\tinymce\jscripts\tiny_mce\themes\advanced\images\anchor.gif --> www.southfraserden.com /public_html/tinymce/jscripts/tiny_mce/themes/advanced/images anchor.gif
2006.12.18 11:01 B C:\Program Files\EasyPHP1-8\www\southfraserden\tinymce\jscripts\tiny_mce\themes\advanced\images\anchor_symbol.gif --> www.southfraserden.com /public_html/tinymce/jscripts/tiny_mce/themes/advanced/images anchor_symbol.gif
2006.12.18 11:01 B C:\Program Files\EasyPHP1-8\www\southfraserden\tinymce\jscripts\tiny_mce\themes\advanced\images\backcolor.gif --> www.southfraserden.com /public_html/tinymce/jscripts/tiny_mce/themes/advanced/images backcolor.gif
2006.12.18 11:01 B C:\Program Files\EasyPHP1-8\www\southfraserden\tinymce\jscripts\tiny_mce\themes\advanced\images\bold.gif --> www.southfraserden.com /public_html/tinymce/jscripts/tiny_mce/themes/advanced/images bold.gif
2006.12.18 11:01 B C:\Program Files\EasyPHP1-8\www\southfraserden\tinymce\jscripts\tiny_mce\themes\advanced\images\bold_de_se.gif --> www.southfraserden.com /public_html/tinymce/jscripts/tiny_mce/themes/advanced/images bold_de_se.gif
2006.12.18 11:01 B C:\Program Files\EasyPHP1-8\www\southfraserden\tinymce\jscripts\tiny_mce\themes\advanced\images\bold_es.gif --> www.southfraserden.com /public_html/tinymce/jscripts/tiny_mce/themes/advanced/images bold_es.gif
2006.12.18 11:01 B C:\Program Files\EasyPHP1-8\www\southfraserden\tinymce\jscripts\tiny_mce\themes\advanced\images\bold_fr.gif --> www.southfraserden.com /public_html/tinymce/jscripts/tiny_mce/themes/advanced/images bold_fr.gif
2006.12.18 11:01 B C:\Program Files\EasyPHP1-8\www\southfraserden\tinymce\jscripts\tiny_mce\themes\advanced\images\bold_ru.gif --> www.southfraserden.com /public_html/tinymce/jscripts/tiny_mce/themes/advanced/images bold_ru.gif
2006.12.18 11:01 B C:\Program Files\EasyPHP1-8\www\southfraserden\tinymce\jscripts\tiny_mce\themes\advanced\images\bold_tw.gif --> www.southfraserden.com /public_html/tinymce/jscripts/tiny_mce/themes/advanced/images bold_tw.gif
2006.12.18 11:01 B C:\Program Files\EasyPHP1-8\www\southfraserden\tinymce\jscripts\tiny_mce\themes\advanced\images\browse.gif --> www.southfraserden.com /public_html/tinymce/jscripts/tiny_mce/themes/advanced/images browse.gif
2006.12.18 11:01 B C:\Program Files\EasyPHP1-8\www\southfraserden\tinymce\jscripts\tiny_mce\themes\advanced\images\bullist.gif --> www.southfraserden.com /public_html/tinymce/jscripts/tiny_mce/themes/advanced/images bullist.gif
2006.12.18 11:01 B C:\Program Files\EasyPHP1-8\www\southfraserden\tinymce\jscripts\tiny_mce\themes\advanced\images\button_menu.gif --> www.southfraserden.com /public_html/tinymce/jscripts/tiny_mce/themes/advanced/images button_menu.gif
2006.12.18 11:01 B C:\Program Files\EasyPHP1-8\www\southfraserden\tinymce\jscripts\tiny_mce\themes\advanced\images\buttons.gif --> www.southfraserden.com /public_html/tinymce/jscripts/tiny_mce/themes/advanced/images buttons.gif
2006.12.18 11:01 B C:\Program Files\EasyPHP1-8\www\southfraserden\tinymce\jscripts\tiny_mce\themes\advanced\images\cancel_button_bg.gif --> www.southfraserden.com /public_html/tinymce/jscripts/tiny_mce/themes/advanced/images cancel_button_bg.gif
2006.12.18 11:01 B C:\Program Files\EasyPHP1-8\www\southfraserden\tinymce\jscripts\tiny_mce\themes\advanced\images\charmap.gif --> www.southfraserden.com /public_html/tinymce/jscripts/tiny_mce/themes/advanced/images charmap.gif
2006.12.18 11:01 B C:\Program Files\EasyPHP1-8\www\southfraserden\tinymce\jscripts\tiny_mce\themes\advanced\images\cleanup.gif --> www.southfraserden.com /public_html/tinymce/jscripts/tiny_mce/themes/advanced/images cleanup.gif
2006.12.18 11:01 B C:\Program Files\EasyPHP1-8\www\southfraserden\tinymce\jscripts\tiny_mce\themes\advanced\images\close.gif --> www.southfraserden.com /public_html/tinymce/jscripts/tiny_mce/themes/advanced/images close.gif
2006.12.18 11:01 B C:\Program Files\EasyPHP1-8\www\southfraserden\tinymce\jscripts\tiny_mce\themes\advanced\images\code.gif --> www.southfraserden.com /public_html/tinymce/jscripts/tiny_mce/themes/advanced/images code.gif
2006.12.18 11:01 B C:\Program Files\EasyPHP1-8\www\southfraserden\tinymce\jscripts\tiny_mce\themes\advanced\images\color.gif --> www.southfraserden.com /public_html/tinymce/jscripts/tiny_mce/themes/advanced/images color.gif
2006.12.18 11:01 B C:\Program Files\EasyPHP1-8\www\southfraserden\tinymce\jscripts\tiny_mce\themes\advanced\images\copy.gif --> www.southfraserden.com /public_html/tinymce/jscripts/tiny_mce/themes/advanced/images copy.gif
2006.12.18 11:01 B C:\Program Files\EasyPHP1-8\www\southfraserden\tinymce\jscripts\tiny_mce\themes\advanced\images\custom_1.gif --> www.southfraserden.com /public_html/tinymce/jscripts/tiny_mce/themes/advanced/images custom_1.gif
2006.12.18 11:01 B C:\Program Files\EasyPHP1-8\www\southfraserden\tinymce\jscripts\tiny_mce\themes\advanced\images\cut.gif --> www.southfraserden.com /public_html/tinymce/jscripts/tiny_mce/themes/advanced/images cut.gif
2006.12.18 11:01 B C:\Program Files\EasyPHP1-8\www\southfraserden\tinymce\jscripts\tiny_mce\themes\advanced\images\forecolor.gif --> www.southfraserden.com /public_html/tinymce/jscripts/tiny_mce/themes/advanced/images forecolor.gif
2006.12.18 11:01 B C:\Program Files\EasyPHP1-8\www\southfraserden\tinymce\jscripts\tiny_mce\themes\advanced\images\help.gif --> www.southfraserden.com /public_html/tinymce/jscripts/tiny_mce/themes/advanced/images help.gif
2006.12.18 11:01 B C:\Program Files\EasyPHP1-8\www\southfraserden\tinymce\jscripts\tiny_mce\themes\advanced\images\hr.gif --> www.southfraserden.com /public_html/tinymce/jscripts/tiny_mce/themes/advanced/images hr.gif
2006.12.18 11:02 B C:\Program Files\EasyPHP1-8\www\southfraserden\tinymce\jscripts\tiny_mce\themes\advanced\images\image.gif --> www.southfraserden.com /public_html/tinymce/jscripts/tiny_mce/themes/advanced/images image.gif
2006.12.18 11:02 B C:\Program Files\EasyPHP1-8\www\southfraserden\tinymce\jscripts\tiny_mce\themes\advanced\images\indent.gif --> www.southfraserden.com /public_html/tinymce/jscripts/tiny_mce/themes/advanced/images indent.gif
2006.12.18 11:02 B C:\Program Files\EasyPHP1-8\www\southfraserden\tinymce\jscripts\tiny_mce\themes\advanced\images\insert_button_bg.gif --> www.southfraserden.com /public_html/tinymce/jscripts/tiny_mce/themes/advanced/images insert_button_bg.gif
2006.12.18 11:02 B C:\Program Files\EasyPHP1-8\www\southfraserden\tinymce\jscripts\tiny_mce\themes\advanced\images\italic.gif --> www.southfraserden.com /public_html/tinymce/jscripts/tiny_mce/themes/advanced/images italic.gif
2006.12.18 11:02 B C:\Program Files\EasyPHP1-8\www\southfraserden\tinymce\jscripts\tiny_mce\themes\advanced\images\italic_de_se.gif --> www.southfraserden.com /public_html/tinymce/jscripts/tiny_mce/themes/advanced/images italic_de_se.gif
2006.12.18 11:02 B C:\Program Files\EasyPHP1-8\www\southfraserden\tinymce\jscripts\tiny_mce\themes\advanced\images\italic_es.gif --> www.southfraserden.com /public_html/tinymce/jscripts/tiny_mce/themes/advanced/images italic_es.gif
2006.12.18 11:02 B C:\Program Files\EasyPHP1-8\www\southfraserden\tinymce\jscripts\tiny_mce\themes\advanced\images\italic_ru.gif --> www.southfraserden.com /public_html/tinymce/jscripts/tiny_mce/themes/advanced/images italic_ru.gif
2006.12.18 11:02 B C:\Program Files\EasyPHP1-8\www\southfraserden\tinymce\jscripts\tiny_mce\themes\advanced\images\italic_tw.gif --> www.southfraserden.com /public_html/tinymce/jscripts/tiny_mce/themes/advanced/images italic_tw.gif
2006.12.18 11:02 B C:\Program Files\EasyPHP1-8\www\southfraserden\tinymce\jscripts\tiny_mce\themes\advanced\images\justifycenter.gif --> www.southfraserden.com /public_html/tinymce/jscripts/tiny_mce/themes/advanced/images justifycenter.gif
2006.12.18 11:02 B C:\Program Files\EasyPHP1-8\www\southfraserden\tinymce\jscripts\tiny_mce\themes\advanced\images\justifyfull.gif --> www.southfraserden.com /public_html/tinymce/jscripts/tiny_mce/themes/advanced/images justifyfull.gif
2006.12.18 11:02 B C:\Program Files\EasyPHP1-8\www\southfraserden\tinymce\jscripts\tiny_mce\themes\advanced\images\justifyleft.gif --> www.southfraserden.com /public_html/tinymce/jscripts/tiny_mce/themes/advanced/images justifyleft.gif
2006.12.18 11:02 B C:\Program Files\EasyPHP1-8\www\southfraserden\tinymce\jscripts\tiny_mce\themes\advanced\images\justifyright.gif --> www.southfraserden.com /public_html/tinymce/jscripts/tiny_mce/themes/advanced/images justifyright.gif
2006.12.18 11:02 B C:\Program Files\EasyPHP1-8\www\southfraserden\tinymce\jscripts\tiny_mce\themes\advanced\images\link.gif --> www.southfraserden.com /public_html/tinymce/jscripts/tiny_mce/themes/advanced/images link.gif
2006.12.18 11:02 B C:\Program Files\EasyPHP1-8\www\southfraserden\tinymce\jscripts\tiny_mce\themes\advanced\images\menu_check.gif --> www.southfraserden.com /public_html/tinymce/jscripts/tiny_mce/themes/advanced/images menu_check.gif
2006.12.18 11:02 B C:\Program Files\EasyPHP1-8\www\southfraserden\tinymce\jscripts\tiny_mce\themes\advanced\images\newdocument.gif --> www.southfraserden.com /public_html/tinymce/jscripts/tiny_mce/themes/advanced/images newdocument.gif
2006.12.18 11:02 B C:\Program Files\EasyPHP1-8\www\southfraserden\tinymce\jscripts\tiny_mce\themes\advanced\images\numlist.gif --> www.southfraserden.com /public_html/tinymce/jscripts/tiny_mce/themes/advanced/images numlist.gif
2006.12.18 11:02 B C:\Program Files\EasyPHP1-8\www\southfraserden\tinymce\jscripts\tiny_mce\themes\advanced\images\opacity.png --> www.southfraserden.com /public_html/tinymce/jscripts/tiny_mce/themes/advanced/images opacity.png
2006.12.18 11:02 B C:\Program Files\EasyPHP1-8\www\southfraserden\tinymce\jscripts\tiny_mce\themes\advanced\images\outdent.gif --> www.southfraserden.com /public_html/tinymce/jscripts/tiny_mce/themes/advanced/images outdent.gif
2006.12.18 11:02 B C:\Program Files\EasyPHP1-8\www\southfraserden\tinymce\jscripts\tiny_mce\themes\advanced\images\paste.gif --> www.southfraserden.com /public_html/tinymce/jscripts/tiny_mce/themes/advanced/images paste.gif
2006.12.18 11:02 B C:\Program Files\EasyPHP1-8\www\southfraserden\tinymce\jscripts\tiny_mce\themes\advanced\images\redo.gif --> www.southfraserden.com /public_html/tinymce/jscripts/tiny_mce/themes/advanced/images redo.gif
2006.12.18 11:02 B C:\Program Files\EasyPHP1-8\www\southfraserden\tinymce\jscripts\tiny_mce\themes\advanced\images\removeformat.gif --> www.southfraserden.com /public_html/tinymce/jscripts/tiny_mce/themes/advanced/images removeformat.gif
2006.12.18 11:02 B C:\Program Files\EasyPHP1-8\www\southfraserden\tinymce\jscripts\tiny_mce\themes\advanced\images\separator.gif --> www.southfraserden.com /public_html/tinymce/jscripts/tiny_mce/themes/advanced/images separator.gif
2006.12.18 11:02 B C:\Program Files\EasyPHP1-8\www\southfraserden\tinymce\jscripts\tiny_mce\themes\advanced\images\spacer.gif --> www.southfraserden.com /public_html/tinymce/jscripts/tiny_mce/themes/advanced/images spacer.gif
2006.12.18 11:02 B C:\Program Files\EasyPHP1-8\www\southfraserden\tinymce\jscripts\tiny_mce\themes\advanced\images\statusbar_resize.gif --> www.southfraserden.com /public_html/tinymce/jscripts/tiny_mce/themes/advanced/images statusbar_resize.gif
2006.12.18 11:02 B C:\Program Files\EasyPHP1-8\www\southfraserden\tinymce\jscripts\tiny_mce\themes\advanced\images\strikethrough.gif --> www.southfraserden.com /public_html/tinymce/jscripts/tiny_mce/themes/advanced/images strikethrough.gif
2006.12.18 11:02 B C:\Program Files\EasyPHP1-8\www\southfraserden\tinymce\jscripts\tiny_mce\themes\advanced\images\sub.gif --> www.southfraserden.com /public_html/tinymce/jscripts/tiny_mce/themes/advanced/images sub.gif
2006.12.18 11:02 B C:\Program Files\EasyPHP1-8\www\southfraserden\tinymce\jscripts\tiny_mce\themes\advanced\images\sup.gif --> www.southfraserden.com /public_html/tinymce/jscripts/tiny_mce/themes/advanced/images sup.gif
2006.12.18 11:02 B C:\Program Files\EasyPHP1-8\www\southfraserden\tinymce\jscripts\tiny_mce\themes\advanced\images\Thumbs.db --> www.southfraserden.com /public_html/tinymce/jscripts/tiny_mce/themes/advanced/images Thumbs.db
2006.12.18 11:02 B C:\Program Files\EasyPHP1-8\www\southfraserden\tinymce\jscripts\tiny_mce\themes\advanced\images\underline.gif --> www.southfraserden.com /public_html/tinymce/jscripts/tiny_mce/themes/advanced/images underline.gif
2006.12.18 11:02 B C:\Program Files\EasyPHP1-8\www\southfraserden\tinymce\jscripts\tiny_mce\themes\advanced\images\underline_es.gif --> www.southfraserden.com /public_html/tinymce/jscripts/tiny_mce/themes/advanced/images underline_es.gif
2006.12.18 11:02 B C:\Program Files\EasyPHP1-8\www\southfraserden\tinymce\jscripts\tiny_mce\themes\advanced\images\underline_fr.gif --> www.southfraserden.com /public_html/tinymce/jscripts/tiny_mce/themes/advanced/images underline_fr.gif
2006.12.18 11:02 B C:\Program Files\EasyPHP1-8\www\southfraserden\tinymce\jscripts\tiny_mce\themes\advanced\images\underline_ru.gif --> www.southfraserden.com /public_html/tinymce/jscripts/tiny_mce/themes/advanced/images underline_ru.gif
2006.12.18 11:02 B C:\Program Files\EasyPHP1-8\www\southfraserden\tinymce\jscripts\tiny_mce\themes\advanced\images\underline_tw.gif --> www.southfraserden.com /public_html/tinymce/jscripts/tiny_mce/themes/advanced/images underline_tw.gif
2006.12.18 11:02 B C:\Program Files\EasyPHP1-8\www\southfraserden\tinymce\jscripts\tiny_mce\themes\advanced\images\undo.gif --> www.southfraserden.com /public_html/tinymce/jscripts/tiny_mce/themes/advanced/images undo.gif
2006.12.18 11:03 B C:\Program Files\EasyPHP1-8\www\southfraserden\tinymce\jscripts\tiny_mce\themes\advanced\images\unlink.gif --> www.southfraserden.com /public_html/tinymce/jscripts/tiny_mce/themes/advanced/images unlink.gif
2006.12.18 11:03 B C:\Program Files\EasyPHP1-8\www\southfraserden\tinymce\jscripts\tiny_mce\themes\advanced\images\visualaid.gif --> www.southfraserden.com /public_html/tinymce/jscripts/tiny_mce/themes/advanced/images visualaid.gif
2007.01.27 13:25 B C:\Program Files\EasyPHP1-8\www\sleepshop\admin\tinymce\jscripts\tiny_mce\themes\advanced\images\bullist.gif --> sleepshopbc.com /public_html/demo/admin/tinymce/jscripts/tiny_mce/themes/advanced/images bullist.gif
2007.01.27 13:25 B C:\Program Files\EasyPHP1-8\www\sleepshop\admin\tinymce\jscripts\tiny_mce\themes\advanced\images\button_menu.gif --> sleepshopbc.com /public_html/demo/admin/tinymce/jscripts/tiny_mce/themes/advanced/images button_menu.gif
2007.01.27 13:25 B C:\Program Files\EasyPHP1-8\www\sleepshop\admin\tinymce\jscripts\tiny_mce\themes\advanced\images\buttons.gif --> sleepshopbc.com /public_html/demo/admin/tinymce/jscripts/tiny_mce/themes/advanced/images buttons.gif
2007.01.27 13:25 B C:\Program Files\EasyPHP1-8\www\sleepshop\admin\tinymce\jscripts\tiny_mce\themes\advanced\images\cancel_button_bg.gif --> sleepshopbc.com /public_html/demo/admin/tinymce/jscripts/tiny_mce/themes/advanced/images cancel_button_bg.gif
2007.01.27 13:25 B C:\Program Files\EasyPHP1-8\www\sleepshop\admin\tinymce\jscripts\tiny_mce\themes\advanced\images\charmap.gif --> sleepshopbc.com /public_html/demo/admin/tinymce/jscripts/tiny_mce/themes/advanced/images charmap.gif
2007.01.27 13:25 B C:\Program Files\EasyPHP1-8\www\sleepshop\admin\tinymce\jscripts\tiny_mce\themes\advanced\images\cleanup.gif --> sleepshopbc.com /public_html/demo/admin/tinymce/jscripts/tiny_mce/themes/advanced/images cleanup.gif
2007.01.27 13:25 B C:\Program Files\EasyPHP1-8\www\sleepshop\admin\tinymce\jscripts\tiny_mce\themes\advanced\images\close.gif --> sleepshopbc.com /public_html/demo/admin/tinymce/jscripts/tiny_mce/themes/advanced/images close.gif
2007.01.27 13:25 B C:\Program Files\EasyPHP1-8\www\sleepshop\admin\tinymce\jscripts\tiny_mce\themes\advanced\images\code.gif --> sleepshopbc.com /public_html/demo/admin/tinymce/jscripts/tiny_mce/themes/advanced/images code.gif
2007.01.27 13:25 B C:\Program Files\EasyPHP1-8\www\sleepshop\admin\tinymce\jscripts\tiny_mce\themes\advanced\images\color.gif --> sleepshopbc.com /public_html/demo/admin/tinymce/jscripts/tiny_mce/themes/advanced/images color.gif
2007.01.27 13:25 B C:\Program Files\EasyPHP1-8\www\sleepshop\admin\tinymce\jscripts\tiny_mce\themes\advanced\images\copy.gif --> sleepshopbc.com /public_html/demo/admin/tinymce/jscripts/tiny_mce/themes/advanced/images copy.gif
2007.01.27 13:25 B C:\Program Files\EasyPHP1-8\www\sleepshop\admin\tinymce\jscripts\tiny_mce\themes\advanced\images\custom_1.gif --> sleepshopbc.com /public_html/demo/admin/tinymce/jscripts/tiny_mce/themes/advanced/images custom_1.gif
2007.01.27 13:25 B C:\Program Files\EasyPHP1-8\www\sleepshop\admin\tinymce\jscripts\tiny_mce\themes\advanced\images\cut.gif --> sleepshopbc.com /public_html/demo/admin/tinymce/jscripts/tiny_mce/themes/advanced/images cut.gif
2007.01.27 13:25 B C:\Program Files\EasyPHP1-8\www\sleepshop\admin\tinymce\jscripts\tiny_mce\themes\advanced\images\forecolor.gif --> sleepshopbc.com /public_html/demo/admin/tinymce/jscripts/tiny_mce/themes/advanced/images forecolor.gif
2007.01.27 13:25 B C:\Program Files\EasyPHP1-8\www\sleepshop\admin\tinymce\jscripts\tiny_mce\themes\advanced\images\help.gif --> sleepshopbc.com /public_html/demo/admin/tinymce/jscripts/tiny_mce/themes/advanced/images help.gif
2007.01.27 13:25 B C:\Program Files\EasyPHP1-8\www\sleepshop\admin\tinymce\jscripts\tiny_mce\themes\advanced\images\hr.gif --> sleepshopbc.com /public_html/demo/admin/tinymce/jscripts/tiny_mce/themes/advanced/images hr.gif
2007.01.27 13:25 B C:\Program Files\EasyPHP1-8\www\sleepshop\admin\tinymce\jscripts\tiny_mce\themes\advanced\images\image.gif --> sleepshopbc.com /public_html/demo/admin/tinymce/jscripts/tiny_mce/themes/advanced/images image.gif
2007.01.27 13:25 B C:\Program Files\EasyPHP1-8\www\sleepshop\admin\tinymce\jscripts\tiny_mce\themes\advanced\images\indent.gif --> sleepshopbc.com /public_html/demo/admin/tinymce/jscripts/tiny_mce/themes/advanced/images indent.gif
2007.01.27 13:25 B C:\Program Files\EasyPHP1-8\www\sleepshop\admin\tinymce\jscripts\tiny_mce\themes\advanced\images\insert_button_bg.gif --> sleepshopbc.com /public_html/demo/admin/tinymce/jscripts/tiny_mce/themes/advanced/images insert_button_bg.gif
2007.01.27 13:25 B C:\Program Files\EasyPHP1-8\www\sleepshop\admin\tinymce\jscripts\tiny_mce\themes\advanced\images\italic.gif --> sleepshopbc.com /public_html/demo/admin/tinymce/jscripts/tiny_mce/themes/advanced/images italic.gif
2007.01.27 13:25 B C:\Program Files\EasyPHP1-8\www\sleepshop\admin\tinymce\jscripts\tiny_mce\themes\advanced\images\italic_de_se.gif --> sleepshopbc.com /public_html/demo/admin/tinymce/jscripts/tiny_mce/themes/advanced/images italic_de_se.gif
2007.01.27 13:25 B C:\Program Files\EasyPHP1-8\www\sleepshop\admin\tinymce\jscripts\tiny_mce\themes\advanced\images\italic_es.gif --> sleepshopbc.com /public_html/demo/admin/tinymce/jscripts/tiny_mce/themes/advanced/images italic_es.gif
2007.01.27 13:25 B C:\Program Files\EasyPHP1-8\www\sleepshop\admin\tinymce\jscripts\tiny_mce\themes\advanced\images\italic_ru.gif --> sleepshopbc.com /public_html/demo/admin/tinymce/jscripts/tiny_mce/themes/advanced/images italic_ru.gif
2007.01.27 13:25 B C:\Program Files\EasyPHP1-8\www\sleepshop\admin\tinymce\jscripts\tiny_mce\themes\advanced\images\italic_tw.gif --> sleepshopbc.com /public_html/demo/admin/tinymce/jscripts/tiny_mce/themes/advanced/images italic_tw.gif
2007.01.27 13:25 B C:\Program Files\EasyPHP1-8\www\sleepshop\admin\tinymce\jscripts\tiny_mce\themes\advanced\images\justifycenter.gif --> sleepshopbc.com /public_html/demo/admin/tinymce/jscripts/tiny_mce/themes/advanced/images justifycenter.gif
2007.01.27 13:26 B C:\Program Files\EasyPHP1-8\www\sleepshop\admin\tinymce\jscripts\tiny_mce\themes\advanced\images\justifyfull.gif --> sleepshopbc.com /public_html/demo/admin/tinymce/jscripts/tiny_mce/themes/advanced/images justifyfull.gif
2007.01.27 13:26 B C:\Program Files\EasyPHP1-8\www\sleepshop\admin\tinymce\jscripts\tiny_mce\themes\advanced\images\justifyleft.gif --> sleepshopbc.com /public_html/demo/admin/tinymce/jscripts/tiny_mce/themes/advanced/images justifyleft.gif
2007.01.27 13:26 B C:\Program Files\EasyPHP1-8\www\sleepshop\admin\tinymce\jscripts\tiny_mce\themes\advanced\images\justifyright.gif --> sleepshopbc.com /public_html/demo/admin/tinymce/jscripts/tiny_mce/themes/advanced/images justifyright.gif
2007.01.27 13:26 B C:\Program Files\EasyPHP1-8\www\sleepshop\admin\tinymce\jscripts\tiny_mce\themes\advanced\images\link.gif --> sleepshopbc.com /public_html/demo/admin/tinymce/jscripts/tiny_mce/themes/advanced/images link.gif
2007.01.27 13:26 B C:\Program Files\EasyPHP1-8\www\sleepshop\admin\tinymce\jscripts\tiny_mce\themes\advanced\images\menu_check.gif --> sleepshopbc.com /public_html/demo/admin/tinymce/jscripts/tiny_mce/themes/advanced/images menu_check.gif
2007.01.27 13:26 B C:\Program Files\EasyPHP1-8\www\sleepshop\admin\tinymce\jscripts\tiny_mce\themes\advanced\images\newdocument.gif --> sleepshopbc.com /public_html/demo/admin/tinymce/jscripts/tiny_mce/themes/advanced/images newdocument.gif
2007.01.27 13:26 B C:\Program Files\EasyPHP1-8\www\sleepshop\admin\tinymce\jscripts\tiny_mce\themes\advanced\images\numlist.gif --> sleepshopbc.com /public_html/demo/admin/tinymce/jscripts/tiny_mce/themes/advanced/images numlist.gif
2007.01.27 13:26 B C:\Program Files\EasyPHP1-8\www\sleepshop\admin\tinymce\jscripts\tiny_mce\themes\advanced\images\opacity.png --> sleepshopbc.com /public_html/demo/admin/tinymce/jscripts/tiny_mce/themes/advanced/images opacity.png
2007.01.27 13:26 B C:\Program Files\EasyPHP1-8\www\sleepshop\admin\tinymce\jscripts\tiny_mce\themes\advanced\images\outdent.gif --> sleepshopbc.com /public_html/demo/admin/tinymce/jscripts/tiny_mce/themes/advanced/images outdent.gif
2007.01.27 13:26 B C:\Program Files\EasyPHP1-8\www\sleepshop\admin\tinymce\jscripts\tiny_mce\themes\advanced\images\paste.gif --> sleepshopbc.com /public_html/demo/admin/tinymce/jscripts/tiny_mce/themes/advanced/images paste.gif
2007.01.27 13:26 B C:\Program Files\EasyPHP1-8\www\sleepshop\admin\tinymce\jscripts\tiny_mce\themes\advanced\images\redo.gif --> sleepshopbc.com /public_html/demo/admin/tinymce/jscripts/tiny_mce/themes/advanced/images redo.gif
2007.01.27 13:26 B C:\Program Files\EasyPHP1-8\www\sleepshop\admin\tinymce\jscripts\tiny_mce\themes\advanced\images\removeformat.gif --> sleepshopbc.com /public_html/demo/admin/tinymce/jscripts/tiny_mce/themes/advanced/images removeformat.gif
2007.01.27 13:26 B C:\Program Files\EasyPHP1-8\www\sleepshop\admin\tinymce\jscripts\tiny_mce\themes\advanced\images\separator.gif --> sleepshopbc.com /public_html/demo/admin/tinymce/jscripts/tiny_mce/themes/advanced/images separator.gif
2007.01.27 13:26 B C:\Program Files\EasyPHP1-8\www\sleepshop\admin\tinymce\jscripts\tiny_mce\themes\advanced\images\spacer.gif --> sleepshopbc.com /public_html/demo/admin/tinymce/jscripts/tiny_mce/themes/advanced/images spacer.gif
2007.01.27 13:26 B C:\Program Files\EasyPHP1-8\www\sleepshop\admin\tinymce\jscripts\tiny_mce\themes\advanced\images\statusbar_resize.gif --> sleepshopbc.com /public_html/demo/admin/tinymce/jscripts/tiny_mce/themes/advanced/images statusbar_resize.gif
2007.01.27 13:26 B C:\Program Files\EasyPHP1-8\www\sleepshop\admin\tinymce\jscripts\tiny_mce\themes\advanced\images\strikethrough.gif --> sleepshopbc.com /public_html/demo/admin/tinymce/jscripts/tiny_mce/themes/advanced/images strikethrough.gif
2007.01.27 13:26 B C:\Program Files\EasyPHP1-8\www\sleepshop\admin\tinymce\jscripts\tiny_mce\themes\advanced\images\sub.gif --> sleepshopbc.com /public_html/demo/admin/tinymce/jscripts/tiny_mce/themes/advanced/images sub.gif
2007.01.27 13:26 B C:\Program Files\EasyPHP1-8\www\sleepshop\admin\tinymce\jscripts\tiny_mce\themes\advanced\images\sup.gif --> sleepshopbc.com /public_html/demo/admin/tinymce/jscripts/tiny_mce/themes/advanced/images sup.gif
2007.01.27 13:26 B C:\Program Files\EasyPHP1-8\www\sleepshop\admin\tinymce\jscripts\tiny_mce\themes\advanced\images\Thumbs.db --> sleepshopbc.com /public_html/demo/admin/tinymce/jscripts/tiny_mce/themes/advanced/images Thumbs.db
2007.01.27 13:26 B C:\Program Files\EasyPHP1-8\www\sleepshop\admin\tinymce\jscripts\tiny_mce\themes\advanced\images\underline.gif --> sleepshopbc.com /public_html/demo/admin/tinymce/jscripts/tiny_mce/themes/advanced/images underline.gif
2007.01.27 13:27 B C:\Program Files\EasyPHP1-8\www\sleepshop\admin\tinymce\jscripts\tiny_mce\themes\advanced\images\underline_es.gif --> sleepshopbc.com /public_html/demo/admin/tinymce/jscripts/tiny_mce/themes/advanced/images underline_es.gif
2007.01.27 13:27 B C:\Program Files\EasyPHP1-8\www\sleepshop\admin\tinymce\jscripts\tiny_mce\themes\advanced\images\underline_fr.gif --> sleepshopbc.com /public_html/demo/admin/tinymce/jscripts/tiny_mce/themes/advanced/images underline_fr.gif
2007.01.27 13:27 B C:\Program Files\EasyPHP1-8\www\sleepshop\admin\tinymce\jscripts\tiny_mce\themes\advanced\images\underline_ru.gif --> sleepshopbc.com /public_html/demo/admin/tinymce/jscripts/tiny_mce/themes/advanced/images underline_ru.gif
2007.01.27 13:27 B C:\Program Files\EasyPHP1-8\www\sleepshop\admin\tinymce\jscripts\tiny_mce\themes\advanced\images\underline_tw.gif --> sleepshopbc.com /public_html/demo/admin/tinymce/jscripts/tiny_mce/themes/advanced/images underline_tw.gif
2007.01.27 13:27 B C:\Program Files\EasyPHP1-8\www\sleepshop\admin\tinymce\jscripts\tiny_mce\themes\advanced\images\undo.gif --> sleepshopbc.com /public_html/demo/admin/tinymce/jscripts/tiny_mce/themes/advanced/images undo.gif
2007.01.27 13:27 B C:\Program Files\EasyPHP1-8\www\sleepshop\admin\tinymce\jscripts\tiny_mce\themes\advanced\images\unlink.gif --> sleepshopbc.com /public_html/demo/admin/tinymce/jscripts/tiny_mce/themes/advanced/images unlink.gif
2007.01.27 13:27 B C:\Program Files\EasyPHP1-8\www\sleepshop\admin\tinymce\jscripts\tiny_mce\themes\advanced\images\visualaid.gif --> sleepshopbc.com /public_html/demo/admin/tinymce/jscripts/tiny_mce/themes/advanced/images visualaid.gif
2007.01.27 13:27 B C:\Program Files\EasyPHP1-8\www\sleepshop\admin\tinymce\jscripts\tiny_mce\themes\advanced\images\WS_FTP.LOG --> sleepshopbc.com /public_html/demo/admin/tinymce/jscripts/tiny_mce/themes/advanced/images WS_FTP.LOG
2007.01.27 13:46 B C:\Program Files\EasyPHP1-8\www\sleepshop\admin\tinymce\jscripts\tiny_mce\themes\advanced\images\WS_FTP.LOG --> sleepshopbc.com /public_html/demo/admin/tinymce/jscripts/tiny_mce/themes/advanced/images WS_FTP.LOG
