2006.12.18 11:03 B C:\Program Files\EasyPHP1-8\www\southfraserden\tinymce\jscripts\tiny_mce\themes\advanced\about.htm --> www.southfraserden.com /public_html/tinymce/jscripts/tiny_mce/themes/advanced about.htm
2006.12.18 11:03 B C:\Program Files\EasyPHP1-8\www\southfraserden\tinymce\jscripts\tiny_mce\themes\advanced\anchor.htm --> www.southfraserden.com /public_html/tinymce/jscripts/tiny_mce/themes/advanced anchor.htm
2006.12.18 11:03 B C:\Program Files\EasyPHP1-8\www\southfraserden\tinymce\jscripts\tiny_mce\themes\advanced\charmap.htm --> www.southfraserden.com /public_html/tinymce/jscripts/tiny_mce/themes/advanced charmap.htm
2006.12.18 11:03 B C:\Program Files\EasyPHP1-8\www\southfraserden\tinymce\jscripts\tiny_mce\themes\advanced\color_picker.htm --> www.southfraserden.com /public_html/tinymce/jscripts/tiny_mce/themes/advanced color_picker.htm
2006.12.18 11:03 B C:\Program Files\EasyPHP1-8\www\southfraserden\tinymce\jscripts\tiny_mce\themes\advanced\editor_template.js --> www.southfraserden.com /public_html/tinymce/jscripts/tiny_mce/themes/advanced editor_template.js
2006.12.18 11:04 B C:\Program Files\EasyPHP1-8\www\southfraserden\tinymce\jscripts\tiny_mce\themes\advanced\editor_template_src.js --> www.southfraserden.com /public_html/tinymce/jscripts/tiny_mce/themes/advanced editor_template_src.js
2006.12.18 11:04 B C:\Program Files\EasyPHP1-8\www\southfraserden\tinymce\jscripts\tiny_mce\themes\advanced\image.htm --> www.southfraserden.com /public_html/tinymce/jscripts/tiny_mce/themes/advanced image.htm
2006.12.18 11:04 B C:\Program Files\EasyPHP1-8\www\southfraserden\tinymce\jscripts\tiny_mce\themes\advanced\link.htm --> www.southfraserden.com /public_html/tinymce/jscripts/tiny_mce/themes/advanced link.htm
2006.12.18 11:04 B C:\Program Files\EasyPHP1-8\www\southfraserden\tinymce\jscripts\tiny_mce\themes\advanced\source_editor.htm --> www.southfraserden.com /public_html/tinymce/jscripts/tiny_mce/themes/advanced source_editor.htm
2006.12.21 14:44 B C:\Program Files\EasyPHP1-8\www\southfraserden\tinymce\jscripts\tiny_mce\themes\advanced\editor_template.js --> www.southfraserden.com /public_html/tinymce/jscripts/tiny_mce/themes/advanced editor_template.js
2006.12.21 16:21 B C:\Program Files\EasyPHP1-8\www\southfraserden\tinymce\jscripts\tiny_mce\themes\advanced\editor_template.js --> www.southfraserden.com /public_html/tinymce/jscripts/tiny_mce/themes/advanced editor_template.js
2006.12.21 16:23 B C:\Program Files\EasyPHP1-8\www\southfraserden\tinymce\jscripts\tiny_mce\themes\advanced\editor_template.js --> www.southfraserden.com /public_html/tinymce/jscripts/tiny_mce/themes/advanced editor_template.js
2006.12.22 09:59 B C:\Program Files\EasyPHP1-8\www\southfraserden\tinymce\jscripts\tiny_mce\themes\advanced\image.htm --> www.southfraserden.com /public_html/tinymce/jscripts/tiny_mce/themes/advanced image.htm
2006.12.22 10:05 B C:\Program Files\EasyPHP1-8\www\southfraserden\tinymce\jscripts\tiny_mce\themes\advanced\image.htm --> www.southfraserden.com /public_html/tinymce/jscripts/tiny_mce/themes/advanced image.htm
2006.12.22 10:13 B C:\Program Files\EasyPHP1-8\www\southfraserden\tinymce\jscripts\tiny_mce\themes\advanced\image.htm --> www.southfraserden.com /public_html/tinymce/jscripts/tiny_mce/themes/advanced image.htm
2006.12.22 16:42 B C:\Program Files\EasyPHP1-8\www\southfraserden\tinymce\jscripts\tiny_mce\themes\advanced\image.htm --> www.southfraserden.com /public_html/tinymce/jscripts/tiny_mce/themes/advanced image.htm
2006.12.26 21:55 B C:\Program Files\EasyPHP1-8\www\newtsawwssen1\admin\tinymce\jscripts\tiny_mce\themes\advanced\about.htm --> tbblions.ca /public_html/newsite/admin/tinymce/jscripts/tiny_mce/themes/advanced about.htm
2006.12.26 21:56 B C:\Program Files\EasyPHP1-8\www\newtsawwssen1\admin\tinymce\jscripts\tiny_mce\themes\advanced\anchor.htm --> tbblions.ca /public_html/newsite/admin/tinymce/jscripts/tiny_mce/themes/advanced anchor.htm
2006.12.26 21:56 B C:\Program Files\EasyPHP1-8\www\newtsawwssen1\admin\tinymce\jscripts\tiny_mce\themes\advanced\charmap.htm --> tbblions.ca /public_html/newsite/admin/tinymce/jscripts/tiny_mce/themes/advanced charmap.htm
2006.12.26 21:56 B C:\Program Files\EasyPHP1-8\www\newtsawwssen1\admin\tinymce\jscripts\tiny_mce\themes\advanced\color_picker.htm --> tbblions.ca /public_html/newsite/admin/tinymce/jscripts/tiny_mce/themes/advanced color_picker.htm
2006.12.26 21:56 B C:\Program Files\EasyPHP1-8\www\newtsawwssen1\admin\tinymce\jscripts\tiny_mce\themes\advanced\editor_template.js --> tbblions.ca /public_html/newsite/admin/tinymce/jscripts/tiny_mce/themes/advanced editor_template.js
2006.12.26 21:56 B C:\Program Files\EasyPHP1-8\www\newtsawwssen1\admin\tinymce\jscripts\tiny_mce\themes\advanced\editor_template_src.js --> tbblions.ca /public_html/newsite/admin/tinymce/jscripts/tiny_mce/themes/advanced editor_template_src.js
2006.12.26 21:56 B C:\Program Files\EasyPHP1-8\www\newtsawwssen1\admin\tinymce\jscripts\tiny_mce\themes\advanced\image.htm --> tbblions.ca /public_html/newsite/admin/tinymce/jscripts/tiny_mce/themes/advanced image.htm
2006.12.26 21:56 B C:\Program Files\EasyPHP1-8\www\newtsawwssen1\admin\tinymce\jscripts\tiny_mce\themes\advanced\link.htm --> tbblions.ca /public_html/newsite/admin/tinymce/jscripts/tiny_mce/themes/advanced link.htm
2006.12.26 21:56 B C:\Program Files\EasyPHP1-8\www\newtsawwssen1\admin\tinymce\jscripts\tiny_mce\themes\advanced\source_editor.htm --> tbblions.ca /public_html/newsite/admin/tinymce/jscripts/tiny_mce/themes/advanced source_editor.htm
2007.01.27 13:47 B C:\Program Files\EasyPHP1-8\www\sleepshop\admin\tinymce\jscripts\tiny_mce\themes\advanced\about.htm --> sleepshopbc.com /public_html/demo/admin/tinymce/jscripts/tiny_mce/themes/advanced about.htm
2007.01.27 13:47 B C:\Program Files\EasyPHP1-8\www\sleepshop\admin\tinymce\jscripts\tiny_mce\themes\advanced\anchor.htm --> sleepshopbc.com /public_html/demo/admin/tinymce/jscripts/tiny_mce/themes/advanced anchor.htm
2007.01.27 13:47 B C:\Program Files\EasyPHP1-8\www\sleepshop\admin\tinymce\jscripts\tiny_mce\themes\advanced\charmap.htm --> sleepshopbc.com /public_html/demo/admin/tinymce/jscripts/tiny_mce/themes/advanced charmap.htm
2007.01.27 13:47 B C:\Program Files\EasyPHP1-8\www\sleepshop\admin\tinymce\jscripts\tiny_mce\themes\advanced\color_picker.htm --> sleepshopbc.com /public_html/demo/admin/tinymce/jscripts/tiny_mce/themes/advanced color_picker.htm
2007.01.27 13:47 B C:\Program Files\EasyPHP1-8\www\sleepshop\admin\tinymce\jscripts\tiny_mce\themes\advanced\editor_template.js --> sleepshopbc.com /public_html/demo/admin/tinymce/jscripts/tiny_mce/themes/advanced editor_template.js
2007.01.27 13:47 B C:\Program Files\EasyPHP1-8\www\sleepshop\admin\tinymce\jscripts\tiny_mce\themes\advanced\editor_template_src.js --> sleepshopbc.com /public_html/demo/admin/tinymce/jscripts/tiny_mce/themes/advanced editor_template_src.js
2007.01.27 13:47 B C:\Program Files\EasyPHP1-8\www\sleepshop\admin\tinymce\jscripts\tiny_mce\themes\advanced\image.htm --> sleepshopbc.com /public_html/demo/admin/tinymce/jscripts/tiny_mce/themes/advanced image.htm
2007.01.27 13:47 B C:\Program Files\EasyPHP1-8\www\sleepshop\admin\tinymce\jscripts\tiny_mce\themes\advanced\link.htm --> sleepshopbc.com /public_html/demo/admin/tinymce/jscripts/tiny_mce/themes/advanced link.htm
2007.01.27 13:48 B C:\Program Files\EasyPHP1-8\www\sleepshop\admin\tinymce\jscripts\tiny_mce\themes\advanced\source_editor.htm --> sleepshopbc.com /public_html/demo/admin/tinymce/jscripts/tiny_mce/themes/advanced source_editor.htm
2007.01.27 13:48 B C:\Program Files\EasyPHP1-8\www\sleepshop\admin\tinymce\jscripts\tiny_mce\themes\advanced\WS_FTP.LOG --> sleepshopbc.com /public_html/demo/admin/tinymce/jscripts/tiny_mce/themes/advanced WS_FTP.LOG
