2006.12.18 11:05 B C:\Program Files\EasyPHP1-8\www\southfraserden\tinymce\jscripts\tiny_mce\blank.htm --> www.southfraserden.com /public_html/tinymce/jscripts/tiny_mce blank.htm
2006.12.18 11:05 B C:\Program Files\EasyPHP1-8\www\southfraserden\tinymce\jscripts\tiny_mce\license.txt --> www.southfraserden.com /public_html/tinymce/jscripts/tiny_mce license.txt
2006.12.18 11:05 B C:\Program Files\EasyPHP1-8\www\southfraserden\tinymce\jscripts\tiny_mce\tiny_mce.js --> www.southfraserden.com /public_html/tinymce/jscripts/tiny_mce tiny_mce.js
2006.12.18 11:05 B C:\Program Files\EasyPHP1-8\www\southfraserden\tinymce\jscripts\tiny_mce\tiny_mce_dev.js --> www.southfraserden.com /public_html/tinymce/jscripts/tiny_mce tiny_mce_dev.js
2006.12.18 11:05 B C:\Program Files\EasyPHP1-8\www\southfraserden\tinymce\jscripts\tiny_mce\tiny_mce_popup.js --> www.southfraserden.com /public_html/tinymce/jscripts/tiny_mce tiny_mce_popup.js
2006.12.18 11:06 B C:\Program Files\EasyPHP1-8\www\southfraserden\tinymce\jscripts\tiny_mce\tiny_mce_src.js --> www.southfraserden.com /public_html/tinymce/jscripts/tiny_mce tiny_mce_src.js
2006.12.21 14:18 B C:\Program Files\EasyPHP1-8\www\southfraserden\tinymce\jscripts\tiny_mce\tiny_mce.js --> www.southfraserden.com /public_html/tinymce/jscripts/tiny_mce tiny_mce.js
2006.12.21 14:20 B C:\Program Files\EasyPHP1-8\www\southfraserden\tinymce\jscripts\tiny_mce\tiny_mce.js --> www.southfraserden.com /public_html/tinymce/jscripts/tiny_mce tiny_mce.js
2006.12.21 14:21 B C:\Program Files\EasyPHP1-8\www\southfraserden\tinymce\jscripts\tiny_mce\tiny_mce.js --> www.southfraserden.com /public_html/tinymce/jscripts/tiny_mce tiny_mce.js
2006.12.21 14:24 B C:\Program Files\EasyPHP1-8\www\southfraserden\tinymce\jscripts\tiny_mce\tiny_mce.js --> www.southfraserden.com /public_html/tinymce/jscripts/tiny_mce tiny_mce.js
2006.12.21 14:24 B C:\Program Files\EasyPHP1-8\www\southfraserden\tinymce\jscripts\tiny_mce\tiny_mce.js --> www.southfraserden.com /public_html/tinymce/jscripts/tiny_mce tiny_mce.js
2006.12.26 21:10 B C:\Program Files\EasyPHP1-8\www\newtsawwssen1\admin\tinymce\jscripts\tiny_mce\blank.htm --> tbblions.ca /public_html/newsite/admin/tinymce/jscripts/tiny_mce blank.htm
2006.12.26 21:18 B C:\Program Files\EasyPHP1-8\www\newtsawwssen1\admin\tinymce\jscripts\tiny_mce\blank.htm --> tbblions.ca /public_html/newsite/admin/tinymce/jscripts/tiny_mce blank.htm
2006.12.26 21:18 B C:\Program Files\EasyPHP1-8\www\newtsawwssen1\admin\tinymce\jscripts\tiny_mce\license.txt --> tbblions.ca /public_html/newsite/admin/tinymce/jscripts/tiny_mce license.txt
2006.12.26 21:19 B C:\Program Files\EasyPHP1-8\www\newtsawwssen1\admin\tinymce\jscripts\tiny_mce\tiny_mce.js --> tbblions.ca /public_html/newsite/admin/tinymce/jscripts/tiny_mce tiny_mce.js
2006.12.26 21:19 B C:\Program Files\EasyPHP1-8\www\newtsawwssen1\admin\tinymce\jscripts\tiny_mce\tiny_mce_dev.js --> tbblions.ca /public_html/newsite/admin/tinymce/jscripts/tiny_mce tiny_mce_dev.js
2006.12.26 21:19 B C:\Program Files\EasyPHP1-8\www\newtsawwssen1\admin\tinymce\jscripts\tiny_mce\tiny_mce_popup.js --> tbblions.ca /public_html/newsite/admin/tinymce/jscripts/tiny_mce tiny_mce_popup.js
2006.12.26 21:19 B C:\Program Files\EasyPHP1-8\www\newtsawwssen1\admin\tinymce\jscripts\tiny_mce\tiny_mce_src.js --> tbblions.ca /public_html/newsite/admin/tinymce/jscripts/tiny_mce tiny_mce_src.js
2006.12.26 21:20 B C:\Program Files\EasyPHP1-8\www\newtsawwssen1\admin\tinymce\jscripts\tiny_mce\WS_FTP.LOG --> tbblions.ca /public_html/newsite/admin/tinymce/jscripts/tiny_mce WS_FTP.LOG
2006.12.26 21:58 B C:\Program Files\EasyPHP1-8\www\newtsawwssen1\admin\tinymce\jscripts\tiny_mce\blank.htm --> tbblions.ca /public_html/newsite/admin/tinymce/jscripts/tiny_mce blank.htm
2006.12.26 21:58 B C:\Program Files\EasyPHP1-8\www\newtsawwssen1\admin\tinymce\jscripts\tiny_mce\license.txt --> tbblions.ca /public_html/newsite/admin/tinymce/jscripts/tiny_mce license.txt
2006.12.26 21:58 B C:\Program Files\EasyPHP1-8\www\newtsawwssen1\admin\tinymce\jscripts\tiny_mce\tiny_mce.js --> tbblions.ca /public_html/newsite/admin/tinymce/jscripts/tiny_mce tiny_mce.js
2006.12.26 21:58 B C:\Program Files\EasyPHP1-8\www\newtsawwssen1\admin\tinymce\jscripts\tiny_mce\tiny_mce_dev.js --> tbblions.ca /public_html/newsite/admin/tinymce/jscripts/tiny_mce tiny_mce_dev.js
2006.12.26 21:58 B C:\Program Files\EasyPHP1-8\www\newtsawwssen1\admin\tinymce\jscripts\tiny_mce\tiny_mce_popup.js --> tbblions.ca /public_html/newsite/admin/tinymce/jscripts/tiny_mce tiny_mce_popup.js
2006.12.26 21:59 B C:\Program Files\EasyPHP1-8\www\newtsawwssen1\admin\tinymce\jscripts\tiny_mce\tiny_mce_src.js --> tbblions.ca /public_html/newsite/admin/tinymce/jscripts/tiny_mce tiny_mce_src.js
2007.01.27 13:14 B C:\Program Files\EasyPHP1-8\www\sleepshop\admin\tinymce\jscripts\tiny_mce\blank.htm --> sleepshopbc.com /public_html/demo/admin/tinymce/jscripts/tiny_mce blank.htm
2007.01.27 13:14 B C:\Program Files\EasyPHP1-8\www\sleepshop\admin\tinymce\jscripts\tiny_mce\license.txt --> sleepshopbc.com /public_html/demo/admin/tinymce/jscripts/tiny_mce license.txt
2007.01.27 13:14 B C:\Program Files\EasyPHP1-8\www\sleepshop\admin\tinymce\jscripts\tiny_mce\tiny_mce.js --> sleepshopbc.com /public_html/demo/admin/tinymce/jscripts/tiny_mce tiny_mce.js
2007.01.27 13:14 B C:\Program Files\EasyPHP1-8\www\sleepshop\admin\tinymce\jscripts\tiny_mce\tiny_mce_dev.js --> sleepshopbc.com /public_html/demo/admin/tinymce/jscripts/tiny_mce tiny_mce_dev.js
2007.01.27 13:14 B C:\Program Files\EasyPHP1-8\www\sleepshop\admin\tinymce\jscripts\tiny_mce\tiny_mce_popup.js --> sleepshopbc.com /public_html/demo/admin/tinymce/jscripts/tiny_mce tiny_mce_popup.js
2007.01.27 13:14 B C:\Program Files\EasyPHP1-8\www\sleepshop\admin\tinymce\jscripts\tiny_mce\tiny_mce_src.js --> sleepshopbc.com /public_html/demo/admin/tinymce/jscripts/tiny_mce tiny_mce_src.js
2007.01.27 13:17 B C:\Program Files\EasyPHP1-8\www\sleepshop\admin\tinymce\jscripts\tiny_mce\TinyMCE_Popup.class.js --> sleepshopbc.com /public_html/demo/admin/tinymce/jscripts/tiny_mce/classes TinyMCE_Popup.class.js
2007.03.24 11:34 B C:\Program Files\EasyPHP1-8\www\sleepshop\admin\tinymce\jscripts\tiny_mce\tiny_mce.js --> sleepshopbc.com /public_html/demo/admin/tinymce/jscripts/tiny_mce tiny_mce.js
